<?xml version="1.0" encoding="UTF-8"?>
<robot generator="Robot 7.4.2 (Python 3.14.3 on darwin)" generated="2026-03-29T13:11:16.442519" rpa="false" schemaversion="5">
<suite id="s1" name="ItineraLogin" source="/Users/karen/ItineraRobotTests/tests/UI/ItineraLogin.robot">
<test id="s1-t1" name="Test Valid Users" line="18">
<kw name="Open Browser" owner="SeleniumLibrary" type="SETUP">
<msg time="2026-03-29T13:11:16.541576" level="INFO">Opening browser 'headlesschrome' to base url 'about:blank'.</msg>
<arg>about:blank</arg>
<arg>${browser}</arg>
<arg>options=add_argument("--window-size=1920,1080")</arg>
<doc>Opens a new browser instance to the optional ``url``.</doc>
<status status="PASS" start="2026-03-29T13:11:16.541436" elapsed="0.874937"/>
</kw>
<kw name="LoginValidUsers">
<kw name="Open the url" owner="UIKeywords">
<kw name="Go To" owner="SeleniumLibrary">
<msg time="2026-03-29T13:11:17.417762" level="INFO">Opening url 'https://www.theitinera.app/LoginPage'</msg>
<arg>${url}</arg>
<doc>Navigates the current browser window to the provided ``url``.</doc>
<status status="PASS" start="2026-03-29T13:11:17.417666" elapsed="0.621356"/>
</kw>
<arg>${LoginURL}</arg>
<status status="PASS" start="2026-03-29T13:11:17.417484" elapsed="0.621675"/>
</kw>
<kw name="LoginOnly" owner="Loginpage">
<kw name="Wait Until Element Is Visible" owner="SeleniumLibrary">
<arg>${email_locator}</arg>
<arg>10s</arg>
<doc>Waits until the element ``locator`` is visible.</doc>
<status status="PASS" start="2026-03-29T13:11:18.039600" elapsed="0.017547"/>
</kw>
<kw name="Input Text" owner="SeleniumLibrary">
<msg time="2026-03-29T13:11:18.057423" level="INFO">Typing text 'kcadavos@gmail.com' into text field 'xpath=//div[@id="login-desktop"]//input[@id="email-input"]'.</msg>
<arg>${email_locator}</arg>
<arg>${username}</arg>
<doc>Types the given ``text`` into the text field identified by ``locator``.</doc>
<status status="PASS" start="2026-03-29T13:11:18.057256" elapsed="0.102807"/>
</kw>
<kw name="Wait Until Element Is Visible" owner="SeleniumLibrary">
<arg>${password_locator}</arg>
<arg>10s</arg>
<doc>Waits until the element ``locator`` is visible.</doc>
<status status="PASS" start="2026-03-29T13:11:18.160182" elapsed="0.007084"/>
</kw>
<kw name="Input Text" owner="SeleniumLibrary">
<msg time="2026-03-29T13:11:18.167483" level="INFO">Typing text '123' into text field 'xpath=//div[@id="login-desktop"]//input[@id="password-input"]'.</msg>
<arg>${password_locator}</arg>
<arg>${password}</arg>
<doc>Types the given ``text`` into the text field identified by ``locator``.</doc>
<status status="PASS" start="2026-03-29T13:11:18.167356" elapsed="0.026597"/>
</kw>
<kw name="Wait Until Element Is Enabled" owner="SeleniumLibrary">
<arg>${loginbtn_locator}</arg>
<arg>10s</arg>
<doc>Waits until the element ``locator`` is enabled.</doc>
<status status="PASS" start="2026-03-29T13:11:18.194091" elapsed="0.008778"/>
</kw>
<kw name="Click Button" owner="SeleniumLibrary">
<msg time="2026-03-29T13:11:18.203047" level="INFO">Clicking button 'xpath=//div[@id="login-desktop"]//button[@id="login-btn"]'.</msg>
<arg>${loginbtn_locator}</arg>
<doc>Clicks the button identified by ``locator``.</doc>
<status status="PASS" start="2026-03-29T13:11:18.202949" elapsed="0.031037"/>
</kw>
<arg>${user}[username]</arg>
<arg>${user}[password]</arg>
<status status="PASS" start="2026-03-29T13:11:18.039331" elapsed="0.194719"/>
</kw>
<kw name="Verify Login Successful" owner="Loginpage">
<kw name="Wait Until Element Is Visible" owner="SeleniumLibrary">
<arg>id:greetingname-desktop</arg>
<arg>10s</arg>
<doc>Waits until the element ``locator`` is visible.</doc>
<status status="PASS" start="2026-03-29T13:11:18.234312" elapsed="4.471183"/>
</kw>
<kw name="Get Text" owner="SeleniumLibrary">
<msg time="2026-03-29T13:11:22.716118" level="INFO">${userInUI} = Karen Two</msg>
<var>${userInUI}</var>
<arg>id:greetingname-desktop</arg>
<doc>Returns the text value of the element identified by ``locator``.</doc>
<status status="PASS" start="2026-03-29T13:11:22.705635" elapsed="0.010513"/>
</kw>
<kw name="Should Be Equal" owner="BuiltIn">
<arg>${userInUI}</arg>
<arg>${user}[name]</arg>
<doc>Fails if the given objects are unequal.</doc>
<status status="PASS" start="2026-03-29T13:11:22.716257" elapsed="0.000325"/>
</kw>
<arg>${user}</arg>
<status status="PASS" start="2026-03-29T13:11:18.234156" elapsed="4.482471"/>
</kw>
<arg>${User1}</arg>
<status status="PASS" start="2026-03-29T13:11:17.417156" elapsed="5.299504"/>
</kw>
<kw name="LoginValidUsers">
<kw name="Open the url" owner="UIKeywords">
<kw name="Go To" owner="SeleniumLibrary">
<msg time="2026-03-29T13:11:22.717150" level="INFO">Opening url 'https://www.theitinera.app/LoginPage'</msg>
<arg>${url}</arg>
<doc>Navigates the current browser window to the provided ``url``.</doc>
<status status="PASS" start="2026-03-29T13:11:22.717087" elapsed="0.080746"/>
</kw>
<arg>${LoginURL}</arg>
<status status="PASS" start="2026-03-29T13:11:22.716959" elapsed="0.080955"/>
</kw>
<kw name="LoginOnly" owner="Loginpage">
<kw name="Wait Until Element Is Visible" owner="SeleniumLibrary">
<arg>${email_locator}</arg>
<arg>10s</arg>
<doc>Waits until the element ``locator`` is visible.</doc>
<status status="PASS" start="2026-03-29T13:11:22.798249" elapsed="0.006504"/>
</kw>
<kw name="Input Text" owner="SeleniumLibrary">
<msg time="2026-03-29T13:11:22.804980" level="INFO">Typing text 'karencadavos@gmail.com' into text field 'xpath=//div[@id="login-desktop"]//input[@id="email-input"]'.</msg>
<arg>${email_locator}</arg>
<arg>${username}</arg>
<doc>Types the given ``text`` into the text field identified by ``locator``.</doc>
<status status="PASS" start="2026-03-29T13:11:22.804850" elapsed="0.030187"/>
</kw>
<kw name="Wait Until Element Is Visible" owner="SeleniumLibrary">
<arg>${password_locator}</arg>
<arg>10s</arg>
<doc>Waits until the element ``locator`` is visible.</doc>
<status status="PASS" start="2026-03-29T13:11:22.835136" elapsed="0.005234"/>
</kw>
<kw name="Input Text" owner="SeleniumLibrary">
<msg time="2026-03-29T13:11:22.840548" level="INFO">Typing text '123' into text field 'xpath=//div[@id="login-desktop"]//input[@id="password-input"]'.</msg>
<arg>${password_locator}</arg>
<arg>${password}</arg>
<doc>Types the given ``text`` into the text field identified by ``locator``.</doc>
<status status="PASS" start="2026-03-29T13:11:22.840443" elapsed="0.027414"/>
</kw>
<kw name="Wait Until Element Is Enabled" owner="SeleniumLibrary">
<arg>${loginbtn_locator}</arg>
<arg>10s</arg>
<doc>Waits until the element ``locator`` is enabled.</doc>
<status status="PASS" start="2026-03-29T13:11:22.867958" elapsed="0.007224"/>
</kw>
<kw name="Click Button" owner="SeleniumLibrary">
<msg time="2026-03-29T13:11:22.875354" level="INFO">Clicking button 'xpath=//div[@id="login-desktop"]//button[@id="login-btn"]'.</msg>
<arg>${loginbtn_locator}</arg>
<doc>Clicks the button identified by ``locator``.</doc>
<status status="PASS" start="2026-03-29T13:11:22.875256" elapsed="0.026631"/>
</kw>
<arg>${user}[username]</arg>
<arg>${user}[password]</arg>
<status status="PASS" start="2026-03-29T13:11:22.798043" elapsed="0.103907"/>
</kw>
<kw name="Verify Login Successful" owner="Loginpage">
<kw name="Wait Until Element Is Visible" owner="SeleniumLibrary">
<arg>id:greetingname-desktop</arg>
<arg>10s</arg>
<doc>Waits until the element ``locator`` is visible.</doc>
<status status="PASS" start="2026-03-29T13:11:22.902219" elapsed="0.850341"/>
</kw>
<kw name="Get Text" owner="SeleniumLibrary">
<msg time="2026-03-29T13:11:23.759306" level="INFO">${userInUI} = Karen Anne</msg>
<var>${userInUI}</var>
<arg>id:greetingname-desktop</arg>
<doc>Returns the text value of the element identified by ``locator``.</doc>
<status status="PASS" start="2026-03-29T13:11:23.752691" elapsed="0.006641"/>
</kw>
<kw name="Should Be Equal" owner="BuiltIn">
<arg>${userInUI}</arg>
<arg>${user}[name]</arg>
<doc>Fails if the given objects are unequal.</doc>
<status status="PASS" start="2026-03-29T13:11:23.759419" elapsed="0.000227"/>
</kw>
<arg>${user}</arg>
<status status="PASS" start="2026-03-29T13:11:22.902061" elapsed="0.857627"/>
</kw>
<arg>${User2}</arg>
<status status="PASS" start="2026-03-29T13:11:22.716784" elapsed="1.042935"/>
</kw>
<kw name="Close Browser" owner="SeleniumLibrary" type="TEARDOWN">
<doc>Closes the current browser.</doc>
<status status="PASS" start="2026-03-29T13:11:23.759863" elapsed="0.081349"/>
</kw>
<status status="PASS" start="2026-03-29T13:11:16.540937" elapsed="7.300363"/>
</test>
<test id="s1-t2" name="Test Invalid Users" line="23">
<kw name="Open Browser" owner="SeleniumLibrary" type="SETUP">
<msg time="2026-03-29T13:11:23.841859" level="INFO">Opening browser 'headlesschrome' to base url 'about:blank'.</msg>
<arg>about:blank</arg>
<arg>${browser}</arg>
<arg>options=add_argument("--window-size=1920,1080")</arg>
<doc>Opens a new browser instance to the optional ``url``.</doc>
<status status="PASS" start="2026-03-29T13:11:23.841701" elapsed="0.625979"/>
</kw>
<kw name="LoginInvalidUsers">
<kw name="Open the url" owner="UIKeywords">
<kw name="Go To" owner="SeleniumLibrary">
<msg time="2026-03-29T13:11:24.468784" level="INFO">Opening url 'https://www.theitinera.app/LoginPage'</msg>
<arg>${url}</arg>
<doc>Navigates the current browser window to the provided ``url``.</doc>
<status status="PASS" start="2026-03-29T13:11:24.468702" elapsed="0.642048"/>
</kw>
<arg>${LoginURL}</arg>
<status status="PASS" start="2026-03-29T13:11:24.468556" elapsed="0.642291"/>
</kw>
<kw name="LoginOnly" owner="Loginpage">
<kw name="Wait Until Element Is Visible" owner="SeleniumLibrary">
<arg>${email_locator}</arg>
<arg>10s</arg>
<doc>Waits until the element ``locator`` is visible.</doc>
<status status="PASS" start="2026-03-29T13:11:25.111343" elapsed="0.010271"/>
</kw>
<kw name="Input Text" owner="SeleniumLibrary">
<msg time="2026-03-29T13:11:25.121856" level="INFO">Typing text 'invalidEmail@gmail.com' into text field 'xpath=//div[@id="login-desktop"]//input[@id="email-input"]'.</msg>
<arg>${email_locator}</arg>
<arg>${username}</arg>
<doc>Types the given ``text`` into the text field identified by ``locator``.</doc>
<status status="PASS" start="2026-03-29T13:11:25.121708" elapsed="0.093373"/>
</kw>
<kw name="Wait Until Element Is Visible" owner="SeleniumLibrary">
<arg>${password_locator}</arg>
<arg>10s</arg>
<doc>Waits until the element ``locator`` is visible.</doc>
<status status="PASS" start="2026-03-29T13:11:25.215208" elapsed="0.007523"/>
</kw>
<kw name="Input Text" owner="SeleniumLibrary">
<msg time="2026-03-29T13:11:25.222950" level="INFO">Typing text '123' into text field 'xpath=//div[@id="login-desktop"]//input[@id="password-input"]'.</msg>
<arg>${password_locator}</arg>
<arg>${password}</arg>
<doc>Types the given ``text`` into the text field identified by ``locator``.</doc>
<status status="PASS" start="2026-03-29T13:11:25.222822" elapsed="0.027993"/>
</kw>
<kw name="Wait Until Element Is Enabled" owner="SeleniumLibrary">
<arg>${loginbtn_locator}</arg>
<arg>10s</arg>
<doc>Waits until the element ``locator`` is enabled.</doc>
<status status="PASS" start="2026-03-29T13:11:25.250902" elapsed="0.008948"/>
</kw>
<kw name="Click Button" owner="SeleniumLibrary">
<msg time="2026-03-29T13:11:25.260023" level="INFO">Clicking button 'xpath=//div[@id="login-desktop"]//button[@id="login-btn"]'.</msg>
<arg>${loginbtn_locator}</arg>
<doc>Clicks the button identified by ``locator``.</doc>
<status status="PASS" start="2026-03-29T13:11:25.259925" elapsed="0.031766"/>
</kw>
<arg>${user}[username]</arg>
<arg>${user}[password]</arg>
<status status="PASS" start="2026-03-29T13:11:25.111056" elapsed="0.180699"/>
</kw>
<kw name="Verify Login Not Successful" owner="Loginpage">
<kw name="Page Should Not Contain" owner="SeleniumLibrary">
<msg time="2026-03-29T13:11:25.301119" level="INFO">Current page does not contain text 'Hi Karen Two'.</msg>
<arg>Hi ${user}[name]</arg>
<doc>Verifies the current page does not contain ``text``.</doc>
<status status="PASS" start="2026-03-29T13:11:25.292027" elapsed="0.009124"/>
</kw>
<arg>${user}</arg>
<status status="PASS" start="2026-03-29T13:11:25.291863" elapsed="0.009327"/>
</kw>
<arg>${User3}</arg>
<status status="PASS" start="2026-03-29T13:11:24.468214" elapsed="0.833000"/>
</kw>
<kw name="LoginInvalidUsers">
<kw name="Open the url" owner="UIKeywords">
<kw name="Go To" owner="SeleniumLibrary">
<msg time="2026-03-29T13:11:25.301632" level="INFO">Opening url 'https://www.theitinera.app/LoginPage'</msg>
<arg>${url}</arg>
<doc>Navigates the current browser window to the provided ``url``.</doc>
<status status="PASS" start="2026-03-29T13:11:25.301585" elapsed="0.106562"/>
</kw>
<arg>${LoginURL}</arg>
<status status="PASS" start="2026-03-29T13:11:25.301489" elapsed="0.107023"/>
</kw>
<kw name="LoginOnly" owner="Loginpage">
<kw name="Wait Until Element Is Visible" owner="SeleniumLibrary">
<arg>${email_locator}</arg>
<arg>10s</arg>
<doc>Waits until the element ``locator`` is visible.</doc>
<status status="PASS" start="2026-03-29T13:11:25.409885" elapsed="0.015824"/>
</kw>
<kw name="Input Text" owner="SeleniumLibrary">
<msg time="2026-03-29T13:11:25.425971" level="INFO">Typing text 'karencadavos@gmail.com' into text field 'xpath=//div[@id="login-desktop"]//input[@id="email-input"]'.</msg>
<arg>${email_locator}</arg>
<arg>${username}</arg>
<doc>Types the given ``text`` into the text field identified by ``locator``.</doc>
<status status="PASS" start="2026-03-29T13:11:25.425821" elapsed="0.036282"/>
</kw>
<kw name="Wait Until Element Is Visible" owner="SeleniumLibrary">
<arg>${password_locator}</arg>
<arg>10s</arg>
<doc>Waits until the element ``locator`` is visible.</doc>
<status status="PASS" start="2026-03-29T13:11:25.462221" elapsed="0.005891"/>
</kw>
<kw name="Input Text" owner="SeleniumLibrary">
<msg time="2026-03-29T13:11:25.468345" level="INFO">Typing text 'invalid123' into text field 'xpath=//div[@id="login-desktop"]//input[@id="password-input"]'.</msg>
<arg>${password_locator}</arg>
<arg>${password}</arg>
<doc>Types the given ``text`` into the text field identified by ``locator``.</doc>
<status status="PASS" start="2026-03-29T13:11:25.468203" elapsed="0.033585"/>
</kw>
<kw name="Wait Until Element Is Enabled" owner="SeleniumLibrary">
<arg>${loginbtn_locator}</arg>
<arg>10s</arg>
<doc>Waits until the element ``locator`` is enabled.</doc>
<status status="PASS" start="2026-03-29T13:11:25.501915" elapsed="0.007786"/>
</kw>
<kw name="Click Button" owner="SeleniumLibrary">
<msg time="2026-03-29T13:11:25.509904" level="INFO">Clicking button 'xpath=//div[@id="login-desktop"]//button[@id="login-btn"]'.</msg>
<arg>${loginbtn_locator}</arg>
<doc>Clicks the button identified by ``locator``.</doc>
<status status="PASS" start="2026-03-29T13:11:25.509791" elapsed="0.028681"/>
</kw>
<arg>${user}[username]</arg>
<arg>${user}[password]</arg>
<status status="PASS" start="2026-03-29T13:11:25.409285" elapsed="0.129258"/>
</kw>
<kw name="Verify Login Not Successful" owner="Loginpage">
<kw name="Page Should Not Contain" owner="SeleniumLibrary">
<msg time="2026-03-29T13:11:25.547226" level="INFO">Current page does not contain text 'Hi Karen Anne'.</msg>
<arg>Hi ${user}[name]</arg>
<doc>Verifies the current page does not contain ``text``.</doc>
<status status="PASS" start="2026-03-29T13:11:25.538852" elapsed="0.008417"/>
</kw>
<arg>${user}</arg>
<status status="PASS" start="2026-03-29T13:11:25.538667" elapsed="0.008651"/>
</kw>
<arg>${User4}</arg>
<status status="PASS" start="2026-03-29T13:11:25.301325" elapsed="0.246018"/>
</kw>
<kw name="Close Browser" owner="SeleniumLibrary" type="TEARDOWN">
<doc>Closes the current browser.</doc>
<status status="PASS" start="2026-03-29T13:11:25.547492" elapsed="0.072553"/>
</kw>
<status status="PASS" start="2026-03-29T13:11:23.841495" elapsed="1.778632"/>
</test>
<doc>This is the UI test suite for Itinera Login functionality.</doc>
<status status="PASS" start="2026-03-29T13:11:16.443042" elapsed="9.177406"/>
</suite>
<statistics>
<total>
<stat pass="2" fail="0" skip="0">All Tests</stat>
</total>
<tag>
</tag>
<suite>
<stat name="ItineraLogin" id="s1" pass="2" fail="0" skip="0">ItineraLogin</stat>
</suite>
</statistics>
<errors>
</errors>
</robot>
