<?xml version="1.0" encoding="UTF-8"?>
<robot generator="Robot 7.4.2 (Python 3.14.3 on darwin)" generated="2026-03-30T18:24:49.140240" rpa="false" schemaversion="5">
<suite id="s1" name="Tests" source="/Users/karen/ItineraRobotTests/tests">
<suite id="s1-s1" name="UI" source="/Users/karen/ItineraRobotTests/tests/UI">
<suite id="s1-s1-s1" name="ItineraLogin" source="/Users/karen/ItineraRobotTests/tests/UI/ItineraLogin.robot">
<test id="s1-s1-s1-t1" name="Valid Users Can Login" line="15">
<kw name="Open Browser" owner="SeleniumLibrary" type="SETUP">
<msg time="2026-03-30T18:24:49.260254" level="INFO">Opening browser 'headlesschrome' to base url 'about:blank'.</msg>
<arg>about:blank</arg>
<arg>${browser}</arg>
<arg>options=add_argument("--window-size=1920,1080")</arg>
<doc>Opens a new browser instance to the optional ``url``.</doc>
<status status="PASS" start="2026-03-30T18:24:49.260024" elapsed="1.122150"/>
</kw>
<kw name="LoginValidUsers" owner="UILogin">
<kw name="Open the url" owner="UICommon">
<kw name="Go To" owner="SeleniumLibrary">
<msg time="2026-03-30T18:24:50.388327" level="INFO">Opening url 'https://www.theitinera.app/LoginPage'</msg>
<arg>${url}</arg>
<doc>Navigates the current browser window to the provided ``url``.</doc>
<status status="PASS" start="2026-03-30T18:24:50.387755" elapsed="0.715311"/>
</kw>
<arg>${LoginURL}</arg>
<status status="PASS" start="2026-03-30T18:24:50.387085" elapsed="0.716129"/>
</kw>
<kw name="LoginOnly" owner="Loginpage">
<kw name="Wait Until Element Is Visible" owner="SeleniumLibrary">
<arg>${email_locator}</arg>
<arg>10s</arg>
<doc>Waits until the element ``locator`` is visible.</doc>
<status status="PASS" start="2026-03-30T18:24:51.103764" elapsed="0.018509"/>
</kw>
<kw name="Input Text" owner="SeleniumLibrary">
<msg time="2026-03-30T18:24:51.122727" level="INFO">Typing text 'kcadavos@gmail.com' into text field 'xpath=//div[@id="login-desktop"]//input[@id="email-input"]'.</msg>
<arg>${email_locator}</arg>
<arg>${username}</arg>
<doc>Types the given ``text`` into the text field identified by ``locator``.</doc>
<status status="PASS" start="2026-03-30T18:24:51.122459" elapsed="0.132575"/>
</kw>
<kw name="Wait Until Element Is Visible" owner="SeleniumLibrary">
<arg>${password_locator}</arg>
<arg>10s</arg>
<doc>Waits until the element ``locator`` is visible.</doc>
<status status="PASS" start="2026-03-30T18:24:51.255253" elapsed="0.013324"/>
</kw>
<kw name="Input Text" owner="SeleniumLibrary">
<msg time="2026-03-30T18:24:51.269040" level="INFO">Typing text '123' into text field 'xpath=//div[@id="login-desktop"]//input[@id="password-input"]'.</msg>
<arg>${password_locator}</arg>
<arg>${password}</arg>
<doc>Types the given ``text`` into the text field identified by ``locator``.</doc>
<status status="PASS" start="2026-03-30T18:24:51.268800" elapsed="0.046838"/>
</kw>
<kw name="Wait Until Element Is Enabled" owner="SeleniumLibrary">
<arg>${loginbtn_locator}</arg>
<arg>10s</arg>
<doc>Waits until the element ``locator`` is enabled.</doc>
<status status="PASS" start="2026-03-30T18:24:51.315796" elapsed="0.015221"/>
</kw>
<kw name="Click Button" owner="SeleniumLibrary">
<msg time="2026-03-30T18:24:51.331364" level="INFO">Clicking button 'xpath=//div[@id="login-desktop"]//button[@id="login-btn"]'.</msg>
<arg>${loginbtn_locator}</arg>
<doc>Clicks the button identified by ``locator``.</doc>
<status status="PASS" start="2026-03-30T18:24:51.331172" elapsed="0.049744"/>
</kw>
<arg>${user}[username]</arg>
<arg>${user}[password]</arg>
<status status="PASS" start="2026-03-30T18:24:51.103433" elapsed="0.277597"/>
</kw>
<kw name="Verify Login Successful" owner="Loginpage">
<kw name="Wait Until Element Is Visible" owner="SeleniumLibrary">
<arg>id:greetingname-desktop</arg>
<arg>10s</arg>
<doc>Waits until the element ``locator`` is visible.</doc>
<status status="PASS" start="2026-03-30T18:24:51.381505" elapsed="0.861135"/>
</kw>
<kw name="Get Text" owner="SeleniumLibrary">
<msg time="2026-03-30T18:24:52.258174" level="INFO">${userInUI} = Karen Two</msg>
<var>${userInUI}</var>
<arg>id:greetingname-desktop</arg>
<doc>Returns the text value of the element identified by ``locator``.</doc>
<status status="PASS" start="2026-03-30T18:24:52.242811" elapsed="0.015510"/>
</kw>
<kw name="Should Be Equal" owner="BuiltIn">
<arg>${userInUI}</arg>
<arg>${user}[name]</arg>
<doc>Fails if the given objects are unequal.</doc>
<status status="PASS" start="2026-03-30T18:24:52.258809" elapsed="0.000778"/>
</kw>
<arg>${user}</arg>
<status status="PASS" start="2026-03-30T18:24:51.381225" elapsed="0.878465"/>
</kw>
<arg>${User1}</arg>
<status status="PASS" start="2026-03-30T18:24:50.384693" elapsed="1.875097"/>
</kw>
<kw name="LoginValidUsers" owner="UILogin">
<kw name="Open the url" owner="UICommon">
<kw name="Go To" owner="SeleniumLibrary">
<msg time="2026-03-30T18:24:52.261206" level="INFO">Opening url 'https://www.theitinera.app/LoginPage'</msg>
<arg>${url}</arg>
<doc>Navigates the current browser window to the provided ``url``.</doc>
<status status="PASS" start="2026-03-30T18:24:52.261014" elapsed="0.106706"/>
</kw>
<arg>${LoginURL}</arg>
<status status="PASS" start="2026-03-30T18:24:52.260731" elapsed="0.107101"/>
</kw>
<kw name="LoginOnly" owner="Loginpage">
<kw name="Wait Until Element Is Visible" owner="SeleniumLibrary">
<arg>${email_locator}</arg>
<arg>10s</arg>
<doc>Waits until the element ``locator`` is visible.</doc>
<status status="PASS" start="2026-03-30T18:24:52.368350" elapsed="0.028569"/>
</kw>
<kw name="Input Text" owner="SeleniumLibrary">
<msg time="2026-03-30T18:24:52.402928" level="INFO">Typing text 'karencadavos@gmail.com' into text field 'xpath=//div[@id="login-desktop"]//input[@id="email-input"]'.</msg>
<arg>${email_locator}</arg>
<arg>${username}</arg>
<doc>Types the given ``text`` into the text field identified by ``locator``.</doc>
<status status="PASS" start="2026-03-30T18:24:52.399026" elapsed="0.091275"/>
</kw>
<kw name="Wait Until Element Is Visible" owner="SeleniumLibrary">
<arg>${password_locator}</arg>
<arg>10s</arg>
<doc>Waits until the element ``locator`` is visible.</doc>
<status status="PASS" start="2026-03-30T18:24:52.490532" elapsed="0.008888"/>
</kw>
<kw name="Input Text" owner="SeleniumLibrary">
<msg time="2026-03-30T18:24:52.499872" level="INFO">Typing text '123' into text field 'xpath=//div[@id="login-desktop"]//input[@id="password-input"]'.</msg>
<arg>${password_locator}</arg>
<arg>${password}</arg>
<doc>Types the given ``text`` into the text field identified by ``locator``.</doc>
<status status="PASS" start="2026-03-30T18:24:52.499622" elapsed="0.041916"/>
</kw>
<kw name="Wait Until Element Is Enabled" owner="SeleniumLibrary">
<arg>${loginbtn_locator}</arg>
<arg>10s</arg>
<doc>Waits until the element ``locator`` is enabled.</doc>
<status status="PASS" start="2026-03-30T18:24:52.541739" elapsed="0.012369"/>
</kw>
<kw name="Click Button" owner="SeleniumLibrary">
<msg time="2026-03-30T18:24:52.554514" level="INFO">Clicking button 'xpath=//div[@id="login-desktop"]//button[@id="login-btn"]'.</msg>
<arg>${loginbtn_locator}</arg>
<doc>Clicks the button identified by ``locator``.</doc>
<status status="PASS" start="2026-03-30T18:24:52.554289" elapsed="0.042103"/>
</kw>
<arg>${user}[username]</arg>
<arg>${user}[password]</arg>
<status status="PASS" start="2026-03-30T18:24:52.368029" elapsed="0.228471"/>
</kw>
<kw name="Verify Login Successful" owner="Loginpage">
<kw name="Wait Until Element Is Visible" owner="SeleniumLibrary">
<arg>id:greetingname-desktop</arg>
<arg>10s</arg>
<doc>Waits until the element ``locator`` is visible.</doc>
<status status="PASS" start="2026-03-30T18:24:52.596975" elapsed="0.647152"/>
</kw>
<kw name="Get Text" owner="SeleniumLibrary">
<msg time="2026-03-30T18:24:53.253080" level="INFO">${userInUI} = Karen Anne</msg>
<var>${userInUI}</var>
<arg>id:greetingname-desktop</arg>
<doc>Returns the text value of the element identified by ``locator``.</doc>
<status status="PASS" start="2026-03-30T18:24:53.244303" elapsed="0.008812"/>
</kw>
<kw name="Should Be Equal" owner="BuiltIn">
<arg>${userInUI}</arg>
<arg>${user}[name]</arg>
<doc>Fails if the given objects are unequal.</doc>
<status status="PASS" start="2026-03-30T18:24:53.253248" elapsed="0.000345"/>
</kw>
<arg>${user}</arg>
<status status="PASS" start="2026-03-30T18:24:52.596697" elapsed="0.656987"/>
</kw>
<arg>${User2}</arg>
<status status="PASS" start="2026-03-30T18:24:52.260061" elapsed="0.993664"/>
</kw>
<kw name="Close Browser" owner="SeleniumLibrary" type="TEARDOWN">
<doc>Closes the current browser.</doc>
<status status="PASS" start="2026-03-30T18:24:53.253880" elapsed="0.087426"/>
</kw>
<status status="PASS" start="2026-03-30T18:24:49.259208" elapsed="4.082189"/>
</test>
<test id="s1-s1-s1-t2" name="Invalid Users Cannot Login" line="20">
<kw name="Open Browser" owner="SeleniumLibrary" type="SETUP">
<msg time="2026-03-30T18:24:53.342347" level="INFO">Opening browser 'headlesschrome' to base url 'about:blank'.</msg>
<arg>about:blank</arg>
<arg>${browser}</arg>
<arg>options=add_argument("--window-size=1920,1080")</arg>
<doc>Opens a new browser instance to the optional ``url``.</doc>
<status status="PASS" start="2026-03-30T18:24:53.342106" elapsed="0.830038"/>
</kw>
<kw name="LoginInvalidUsers" owner="UILogin">
<kw name="Open the url" owner="UICommon">
<kw name="Go To" owner="SeleniumLibrary">
<msg time="2026-03-30T18:24:54.174002" level="INFO">Opening url 'https://www.theitinera.app/LoginPage'</msg>
<arg>${url}</arg>
<doc>Navigates the current browser window to the provided ``url``.</doc>
<status status="PASS" start="2026-03-30T18:24:54.173886" elapsed="2.902483"/>
</kw>
<arg>${LoginURL}</arg>
<status status="PASS" start="2026-03-30T18:24:54.173653" elapsed="2.902996"/>
</kw>
<kw name="LoginOnly" owner="Loginpage">
<kw name="Wait Until Element Is Visible" owner="SeleniumLibrary">
<arg>${email_locator}</arg>
<arg>10s</arg>
<doc>Waits until the element ``locator`` is visible.</doc>
<status status="PASS" start="2026-03-30T18:24:57.077515" elapsed="0.018410"/>
</kw>
<kw name="Input Text" owner="SeleniumLibrary">
<msg time="2026-03-30T18:24:57.096320" level="INFO">Typing text 'invalidEmail@gmail.com' into text field 'xpath=//div[@id="login-desktop"]//input[@id="email-input"]'.</msg>
<arg>${email_locator}</arg>
<arg>${username}</arg>
<doc>Types the given ``text`` into the text field identified by ``locator``.</doc>
<status status="PASS" start="2026-03-30T18:24:57.096089" elapsed="0.121347"/>
</kw>
<kw name="Wait Until Element Is Visible" owner="SeleniumLibrary">
<arg>${password_locator}</arg>
<arg>10s</arg>
<doc>Waits until the element ``locator`` is visible.</doc>
<status status="PASS" start="2026-03-30T18:24:57.217599" elapsed="0.011224"/>
</kw>
<kw name="Input Text" owner="SeleniumLibrary">
<msg time="2026-03-30T18:24:57.229142" level="INFO">Typing text '123' into text field 'xpath=//div[@id="login-desktop"]//input[@id="password-input"]'.</msg>
<arg>${password_locator}</arg>
<arg>${password}</arg>
<doc>Types the given ``text`` into the text field identified by ``locator``.</doc>
<status status="PASS" start="2026-03-30T18:24:57.228955" elapsed="0.039616"/>
</kw>
<kw name="Wait Until Element Is Enabled" owner="SeleniumLibrary">
<arg>${loginbtn_locator}</arg>
<arg>10s</arg>
<doc>Waits until the element ``locator`` is enabled.</doc>
<status status="PASS" start="2026-03-30T18:24:57.268718" elapsed="0.013881"/>
</kw>
<kw name="Click Button" owner="SeleniumLibrary">
<msg time="2026-03-30T18:24:57.282896" level="INFO">Clicking button 'xpath=//div[@id="login-desktop"]//button[@id="login-btn"]'.</msg>
<arg>${loginbtn_locator}</arg>
<doc>Clicks the button identified by ``locator``.</doc>
<status status="PASS" start="2026-03-30T18:24:57.282735" elapsed="0.043630"/>
</kw>
<arg>${user}[username]</arg>
<arg>${user}[password]</arg>
<status status="PASS" start="2026-03-30T18:24:57.077006" elapsed="0.249444"/>
</kw>
<kw name="Verify Login Not Successful" owner="Loginpage">
<kw name="Page Should Not Contain" owner="SeleniumLibrary">
<msg time="2026-03-30T18:24:57.342677" level="INFO">Current page does not contain text 'Hi Karen Two'.</msg>
<arg>Hi ${user}[name]</arg>
<doc>Verifies the current page does not contain ``text``.</doc>
<status status="PASS" start="2026-03-30T18:24:57.326852" elapsed="0.015875"/>
</kw>
<arg>${user}</arg>
<status status="PASS" start="2026-03-30T18:24:57.326610" elapsed="0.016179"/>
</kw>
<arg>${User3}</arg>
<status status="PASS" start="2026-03-30T18:24:54.173192" elapsed="3.169637"/>
</kw>
<kw name="LoginInvalidUsers" owner="UILogin">
<kw name="Open the url" owner="UICommon">
<kw name="Go To" owner="SeleniumLibrary">
<msg time="2026-03-30T18:24:57.343431" level="INFO">Opening url 'https://www.theitinera.app/LoginPage'</msg>
<arg>${url}</arg>
<doc>Navigates the current browser window to the provided ``url``.</doc>
<status status="PASS" start="2026-03-30T18:24:57.343354" elapsed="0.105383"/>
</kw>
<arg>${LoginURL}</arg>
<status status="PASS" start="2026-03-30T18:24:57.343190" elapsed="0.105654"/>
</kw>
<kw name="LoginOnly" owner="Loginpage">
<kw name="Wait Until Element Is Visible" owner="SeleniumLibrary">
<arg>${email_locator}</arg>
<arg>10s</arg>
<doc>Waits until the element ``locator`` is visible.</doc>
<status status="PASS" start="2026-03-30T18:24:57.449385" elapsed="0.009228"/>
</kw>
<kw name="Input Text" owner="SeleniumLibrary">
<msg time="2026-03-30T18:24:57.458933" level="INFO">Typing text 'karencadavos@gmail.com' into text field 'xpath=//div[@id="login-desktop"]//input[@id="email-input"]'.</msg>
<arg>${email_locator}</arg>
<arg>${username}</arg>
<doc>Types the given ``text`` into the text field identified by ``locator``.</doc>
<status status="PASS" start="2026-03-30T18:24:57.458748" elapsed="0.043822"/>
</kw>
<kw name="Wait Until Element Is Visible" owner="SeleniumLibrary">
<arg>${password_locator}</arg>
<arg>10s</arg>
<doc>Waits until the element ``locator`` is visible.</doc>
<status status="PASS" start="2026-03-30T18:24:57.502730" elapsed="0.007942"/>
</kw>
<kw name="Input Text" owner="SeleniumLibrary">
<msg time="2026-03-30T18:24:57.510965" level="INFO">Typing text 'invalid123' into text field 'xpath=//div[@id="login-desktop"]//input[@id="password-input"]'.</msg>
<arg>${password_locator}</arg>
<arg>${password}</arg>
<doc>Types the given ``text`` into the text field identified by ``locator``.</doc>
<status status="PASS" start="2026-03-30T18:24:57.510793" elapsed="0.041832"/>
</kw>
<kw name="Wait Until Element Is Enabled" owner="SeleniumLibrary">
<arg>${loginbtn_locator}</arg>
<arg>10s</arg>
<doc>Waits until the element ``locator`` is enabled.</doc>
<status status="PASS" start="2026-03-30T18:24:57.552775" elapsed="0.010381"/>
</kw>
<kw name="Click Button" owner="SeleniumLibrary">
<msg time="2026-03-30T18:24:57.563429" level="INFO">Clicking button 'xpath=//div[@id="login-desktop"]//button[@id="login-btn"]'.</msg>
<arg>${loginbtn_locator}</arg>
<doc>Clicks the button identified by ``locator``.</doc>
<status status="PASS" start="2026-03-30T18:24:57.563275" elapsed="0.037941"/>
</kw>
<arg>${user}[username]</arg>
<arg>${user}[password]</arg>
<status status="PASS" start="2026-03-30T18:24:57.449045" elapsed="0.152264"/>
</kw>
<kw name="Verify Login Not Successful" owner="Loginpage">
<kw name="Page Should Not Contain" owner="SeleniumLibrary">
<msg time="2026-03-30T18:24:57.613051" level="INFO">Current page does not contain text 'Hi Karen Anne'.</msg>
<arg>Hi ${user}[name]</arg>
<doc>Verifies the current page does not contain ``text``.</doc>
<status status="PASS" start="2026-03-30T18:24:57.601691" elapsed="0.011407"/>
</kw>
<arg>${user}</arg>
<status status="PASS" start="2026-03-30T18:24:57.601458" elapsed="0.011698"/>
</kw>
<arg>${User4}</arg>
<status status="PASS" start="2026-03-30T18:24:57.342960" elapsed="0.270235"/>
</kw>
<kw name="Close Browser" owner="SeleniumLibrary" type="TEARDOWN">
<doc>Closes the current browser.</doc>
<status status="PASS" start="2026-03-30T18:24:57.613358" elapsed="0.079336"/>
</kw>
<status status="PASS" start="2026-03-30T18:24:53.341770" elapsed="4.351003"/>
</test>
<doc>This is the UI test suite for Itinera Login functionality.</doc>
<status status="PASS" start="2026-03-30T18:24:49.169564" elapsed="8.523689"/>
</suite>
<status status="PASS" start="2026-03-30T18:24:49.168917" elapsed="8.524798"/>
</suite>
<status status="PASS" start="2026-03-30T18:24:49.141453" elapsed="8.552509"/>
</suite>
<statistics>
<total>
<stat pass="2" fail="0" skip="0">All Tests</stat>
</total>
<tag>
</tag>
<suite>
<stat name="Tests" id="s1" pass="2" fail="0" skip="0">Tests</stat>
<stat name="UI" id="s1-s1" pass="2" fail="0" skip="0">Tests.UI</stat>
<stat name="ItineraLogin" id="s1-s1-s1" pass="2" fail="0" skip="0">Tests.UI.ItineraLogin</stat>
</suite>
</statistics>
<errors>
</errors>
</robot>
