<?xml version="1.0" encoding="UTF-8"?>
<robot generator="Robot 7.4.2 (Python 3.14.3 on darwin)" generated="2026-03-29T15:10:53.395998" rpa="false" schemaversion="5">
<suite id="s1" name="Tests" source="/Users/karen/ItineraRobotTests/tests">
<suite id="s1-s1" name="E2E" source="/Users/karen/ItineraRobotTests/tests/E2E">
<suite id="s1-s1-s1" name="E2E Login" source="/Users/karen/ItineraRobotTests/tests/E2E/E2E_Login.robot">
<test id="s1-s1-s1-t1" name="E2E Login Test" line="16">
<kw name="Open Browser" owner="SeleniumLibrary" type="SETUP">
<msg time="2026-03-29T15:10:53.610412" level="INFO">Opening browser 'headlesschrome' to base url 'about:blank'.</msg>
<arg>about:blank</arg>
<arg>${browser}</arg>
<arg>options=add_argument("--window-size=1920,1080")</arg>
<doc>Opens a new browser instance to the optional ``url``.</doc>
<status status="PASS" start="2026-03-29T15:10:53.610235" elapsed="0.750788"/>
</kw>
<kw name="Open the url" owner="UIKeywords">
<kw name="Go To" owner="SeleniumLibrary">
<msg time="2026-03-29T15:10:54.362085" level="INFO">Opening url 'https://www.theitinera.app/LoginPage'</msg>
<arg>${url}</arg>
<doc>Navigates the current browser window to the provided ``url``.</doc>
<status status="PASS" start="2026-03-29T15:10:54.361982" elapsed="0.798097"/>
</kw>
<arg>${LoginURL}</arg>
<status status="PASS" start="2026-03-29T15:10:54.361609" elapsed="0.798753"/>
</kw>
<kw name="Get User Name" owner="LoginAPI">
<kw name="GET" owner="RequestsLibrary">
<msg time="2026-03-29T15:10:55.431324" level="INFO">GET Request : url=https://itineraioapi-ebdthgaebndcddam.westus2-01.azurewebsites.net/User/GetUserInfoByEmail/karencadavos@gmail.com 
 path_url=/User/GetUserInfoByEmail/karencadavos@gmail.com 
 headers={'User-Agent': 'python-requests/2.33.0', 'Accept-Encoding': 'gzip, deflate, zstd', 'Accept': '*/*', 'Connection': 'keep-alive'} 
 body=None 
 </msg>
<msg time="2026-03-29T15:10:55.431466" level="INFO">GET Response : url=https://itineraioapi-ebdthgaebndcddam.westus2-01.azurewebsites.net/User/GetUserInfoByEmail/karencadavos@gmail.com 
 status=200, reason=OK 
 headers={'Content-Type': 'application/json; charset=utf-8', 'Date': 'Sun, 29 Mar 2026 22:10:54 GMT', 'Server': 'Microsoft-IIS/10.0', 'Content-Encoding': 'gzip', 'Set-Cookie': 'ARRAffinity=22a7daa836b64a8ce56c907737553d08297ff2e76cd06a1f52c29956b9a85c17;Path=/;HttpOnly;Secure;Domain=itineraioapi-ebdthgaebndcddam.westus2-01.azurewebsites.net, ARRAffinitySameSite=22a7daa836b64a8ce56c907737553d08297ff2e76cd06a1f52c29956b9a85c17;Path=/;HttpOnly;SameSite=None;Secure;Domain=itineraioapi-ebdthgaebndcddam.westus2-01.azurewebsites.net', 'Transfer-Encoding': 'chunked', 'Vary': 'Accept-Encoding', 'X-Powered-By': 'ASP.NET'} 
 body={"id":1,"email":"karencadavos@gmail.com","name":"Karen Anne"} 
 </msg>
<msg time="2026-03-29T15:10:55.431624" level="INFO">${response} = &lt;Response [200]&gt;</msg>
<var>${response}</var>
<arg>${API_URL}User/GetUserInfoByEmail/${USERNAME}</arg>
<arg>expected_status=200</arg>
<doc>Sends a GET request.</doc>
<status status="PASS" start="2026-03-29T15:10:55.162308" elapsed="0.269347"/>
</kw>
<kw name="Set Variable" owner="BuiltIn">
<msg time="2026-03-29T15:10:55.432484" level="INFO">${data} = {'id': 1, 'email': 'karencadavos@gmail.com', 'name': 'Karen Anne'}</msg>
<var>${data}</var>
<arg>${response.json()}</arg>
<doc>Returns the given values which can then be assigned to a variables.</doc>
<status status="PASS" start="2026-03-29T15:10:55.431823" elapsed="0.000682"/>
</kw>
<return>
<value>${data}[name]</value>
<status status="PASS" start="2026-03-29T15:10:55.432582" elapsed="0.000131"/>
</return>
<msg time="2026-03-29T15:10:55.432822" level="INFO">${apiUserName} = Karen Anne</msg>
<var>${apiUserName}</var>
<arg>${User1}[username]</arg>
<status status="PASS" start="2026-03-29T15:10:55.160827" elapsed="0.272008"/>
</kw>
<kw name="Log To Console" owner="BuiltIn">
<arg>message: ${apiUserName}</arg>
<doc>Logs the given message to the console.</doc>
<status status="PASS" start="2026-03-29T15:10:55.432915" elapsed="0.000182"/>
</kw>
<kw name="Get User Name From UI" owner="Loginpage">
<kw name="Log To Console" owner="BuiltIn">
<arg>LoginPage Username: ${UserToLogin}[username]</arg>
<doc>Logs the given message to the console.</doc>
<status status="PASS" start="2026-03-29T15:10:55.433423" elapsed="0.000150"/>
</kw>
<kw name="LoginOnly" owner="Loginpage">
<kw name="Wait Until Element Is Visible" owner="SeleniumLibrary">
<arg>${email_locator}</arg>
<arg>10s</arg>
<doc>Waits until the element ``locator`` is visible.</doc>
<status status="PASS" start="2026-03-29T15:10:55.433807" elapsed="0.010406"/>
</kw>
<kw name="Input Text" owner="SeleniumLibrary">
<msg time="2026-03-29T15:10:55.444460" level="INFO">Typing text 'karencadavos@gmail.com' into text field 'xpath=//div[@id="login-desktop"]//input[@id="email-input"]'.</msg>
<arg>${email_locator}</arg>
<arg>${username}</arg>
<doc>Types the given ``text`` into the text field identified by ``locator``.</doc>
<status status="PASS" start="2026-03-29T15:10:55.444318" elapsed="0.103861"/>
</kw>
<kw name="Wait Until Element Is Visible" owner="SeleniumLibrary">
<arg>${password_locator}</arg>
<arg>10s</arg>
<doc>Waits until the element ``locator`` is visible.</doc>
<status status="PASS" start="2026-03-29T15:10:55.548294" elapsed="0.008128"/>
</kw>
<kw name="Input Text" owner="SeleniumLibrary">
<msg time="2026-03-29T15:10:55.556643" level="INFO">Typing text '123' into text field 'xpath=//div[@id="login-desktop"]//input[@id="password-input"]'.</msg>
<arg>${password_locator}</arg>
<arg>${password}</arg>
<doc>Types the given ``text`` into the text field identified by ``locator``.</doc>
<status status="PASS" start="2026-03-29T15:10:55.556515" elapsed="0.027922"/>
</kw>
<kw name="Wait Until Element Is Enabled" owner="SeleniumLibrary">
<arg>${loginbtn_locator}</arg>
<arg>10s</arg>
<doc>Waits until the element ``locator`` is enabled.</doc>
<status status="PASS" start="2026-03-29T15:10:55.584533" elapsed="0.009876"/>
</kw>
<kw name="Click Button" owner="SeleniumLibrary">
<msg time="2026-03-29T15:10:55.594619" level="INFO">Clicking button 'xpath=//div[@id="login-desktop"]//button[@id="login-btn"]'.</msg>
<arg>${loginbtn_locator}</arg>
<doc>Clicks the button identified by ``locator``.</doc>
<status status="PASS" start="2026-03-29T15:10:55.594497" elapsed="0.030312"/>
</kw>
<arg>${UserToLogin}[username]</arg>
<arg>${UserToLogin}[password]</arg>
<status status="PASS" start="2026-03-29T15:10:55.433659" elapsed="0.191209"/>
</kw>
<kw name="Wait Until Element Is Visible" owner="SeleniumLibrary">
<arg>id:greetingname-desktop</arg>
<arg>10s</arg>
<doc>Waits until the element ``locator`` is visible.</doc>
<status status="PASS" start="2026-03-29T15:10:55.624940" elapsed="0.851284"/>
</kw>
<kw name="Get Text" owner="SeleniumLibrary">
<msg time="2026-03-29T15:10:56.485170" level="INFO">${userInUI} = Karen Anne</msg>
<var>${userInUI}</var>
<arg>id:greetingname-desktop</arg>
<doc>Returns the text value of the element identified by ``locator``.</doc>
<status status="PASS" start="2026-03-29T15:10:56.476343" elapsed="0.008855"/>
</kw>
<return>
<value>${userInUI}</value>
<status status="PASS" start="2026-03-29T15:10:56.485248" elapsed="0.000040"/>
</return>
<msg time="2026-03-29T15:10:56.485452" level="INFO">${UIUserName} = Karen Anne</msg>
<var>${UIUserName}</var>
<arg>${User1}</arg>
<status status="PASS" start="2026-03-29T15:10:55.433257" elapsed="1.052222"/>
</kw>
<kw name="Close Browser" owner="SeleniumLibrary" type="TEARDOWN">
<doc>Closes the current browser.</doc>
<status status="PASS" start="2026-03-29T15:10:56.485749" elapsed="0.071390"/>
</kw>
<status status="PASS" start="2026-03-29T15:10:53.609633" elapsed="2.947572"/>
</test>
<doc>This is the E2E test suite for Itinera Login functionality. This compares the API response VS the UI data</doc>
<status status="PASS" start="2026-03-29T15:10:53.415575" elapsed="3.141919"/>
</suite>
<status status="PASS" start="2026-03-29T15:10:53.415123" elapsed="3.142679"/>
</suite>
<status status="PASS" start="2026-03-29T15:10:53.396738" elapsed="3.161217"/>
</suite>
<statistics>
<total>
<stat pass="1" fail="0" skip="0">All Tests</stat>
</total>
<tag>
</tag>
<suite>
<stat name="Tests" id="s1" pass="1" fail="0" skip="0">Tests</stat>
<stat name="E2E" id="s1-s1" pass="1" fail="0" skip="0">Tests.E2E</stat>
<stat name="E2E Login" id="s1-s1-s1" pass="1" fail="0" skip="0">Tests.E2E.E2E Login</stat>
</suite>
</statistics>
<errors>
</errors>
</robot>
