<?xml version="1.0" encoding="UTF-8"?>
<robot generator="Robot 7.4.2 (Python 3.14.3 on darwin)" generated="2026-03-29T11:37:12.413395" rpa="false" schemaversion="5">
<suite id="s1" name="ItineraLogin" source="/Users/karen/ItineraRobotTests/tests/UI/ItineraLogin.robot">
<test id="s1-t1" name="Test All Users1" line="30">
<kw name="Open the url" type="SETUP">
<kw name="Open Browser" owner="SeleniumLibrary">
<msg time="2026-03-29T11:37:12.518788" level="INFO">Opening browser 'headlesschrome' to base url 'about:blank'.</msg>
<arg>about:blank</arg>
<arg>${browser}</arg>
<arg>options=add_argument("--window-size=1920,1080")</arg>
<doc>Opens a new browser instance to the optional ``url``.</doc>
<status status="PASS" start="2026-03-29T11:37:12.518579" elapsed="0.939724"/>
</kw>
<kw name="Go To" owner="SeleniumLibrary">
<msg time="2026-03-29T11:37:13.458908" level="INFO">Opening url 'https://www.theitinera.app/LoginPage'</msg>
<arg>https://www.theitinera.app/LoginPage</arg>
<doc>Navigates the current browser window to the provided ``url``.</doc>
<status status="PASS" start="2026-03-29T11:37:13.458704" elapsed="0.784133"/>
</kw>
<status status="PASS" start="2026-03-29T11:37:12.518002" elapsed="1.724991"/>
</kw>
<kw name="LoginItinera">
<kw name="LoginOnly">
<kw name="Wait Until Element Is Visible" owner="SeleniumLibrary">
<arg>${email_locator}</arg>
<arg>10s</arg>
<doc>Waits until the element ``locator`` is visible.</doc>
<status status="PASS" start="2026-03-29T11:37:14.243918" elapsed="0.014920"/>
</kw>
<kw name="Input Text" owner="SeleniumLibrary">
<msg time="2026-03-29T11:37:14.259236" level="INFO">Typing text 'kcadavos@gmail.com' into text field 'xpath=//div[@id="login-desktop"]//input[@id="email-input"]'.</msg>
<arg>${email_locator}</arg>
<arg>${username}</arg>
<doc>Types the given ``text`` into the text field identified by ``locator``.</doc>
<status status="PASS" start="2026-03-29T11:37:14.259005" elapsed="0.129339"/>
</kw>
<kw name="Wait Until Element Is Visible" owner="SeleniumLibrary">
<arg>${password_locator}</arg>
<arg>10s</arg>
<doc>Waits until the element ``locator`` is visible.</doc>
<status status="PASS" start="2026-03-29T11:37:14.388578" elapsed="0.011208"/>
</kw>
<kw name="Input Text" owner="SeleniumLibrary">
<msg time="2026-03-29T11:37:14.400097" level="INFO">Typing text '123' into text field 'xpath=//div[@id="login-desktop"]//input[@id="password-input"]'.</msg>
<arg>${password_locator}</arg>
<arg>${password}</arg>
<doc>Types the given ``text`` into the text field identified by ``locator``.</doc>
<status status="PASS" start="2026-03-29T11:37:14.399912" elapsed="0.040640"/>
</kw>
<kw name="Wait Until Element Is Enabled" owner="SeleniumLibrary">
<arg>${loginbtn_locator}</arg>
<arg>10s</arg>
<doc>Waits until the element ``locator`` is enabled.</doc>
<status status="PASS" start="2026-03-29T11:37:14.440691" elapsed="0.014150"/>
</kw>
<kw name="Click Button" owner="SeleniumLibrary">
<msg time="2026-03-29T11:37:14.455180" level="INFO">Clicking button 'xpath=//div[@id="login-desktop"]//button[@id="login-btn"]'.</msg>
<arg>${loginbtn_locator}</arg>
<doc>Clicks the button identified by ``locator``.</doc>
<status status="PASS" start="2026-03-29T11:37:14.454975" elapsed="0.044802"/>
</kw>
<arg>${user}[username]</arg>
<arg>${user}[password]</arg>
<status status="PASS" start="2026-03-29T11:37:14.243659" elapsed="0.256215"/>
</kw>
<kw name="Verify Login Successful">
<kw name="Wait Until Element Is Visible" owner="SeleniumLibrary">
<arg>id:greetingname-desktop</arg>
<arg>10s</arg>
<doc>Waits until the element ``locator`` is visible.</doc>
<status status="PASS" start="2026-03-29T11:37:14.500250" elapsed="1.066968"/>
</kw>
<kw name="Get Text" owner="SeleniumLibrary">
<msg time="2026-03-29T11:37:15.579849" level="INFO">${userInUI} = Karen Two</msg>
<var>${userInUI}</var>
<arg>id:greetingname-desktop</arg>
<doc>Returns the text value of the element identified by ``locator``.</doc>
<status status="PASS" start="2026-03-29T11:37:15.567373" elapsed="0.012512"/>
</kw>
<kw name="Should Be Equal" owner="BuiltIn">
<arg>${userInUI}</arg>
<arg>${user}[name]</arg>
<doc>Fails if the given objects are unequal.</doc>
<status status="PASS" start="2026-03-29T11:37:15.580007" elapsed="0.000393"/>
</kw>
<arg>${user}</arg>
<status status="PASS" start="2026-03-29T11:37:14.500017" elapsed="1.080443"/>
</kw>
<arg>${User1}</arg>
<status status="PASS" start="2026-03-29T11:37:14.243329" elapsed="1.337171"/>
</kw>
<kw name="LoginItinera">
<kw name="LoginOnly">
<kw name="Wait Until Element Is Visible" owner="SeleniumLibrary">
<msg time="2026-03-29T11:37:25.853602" level="INFO" html="true">&lt;/td&gt;&lt;/tr&gt;&lt;tr&gt;&lt;td colspan="3"&gt;&lt;a href="selenium-screenshot-4.png"&gt;&lt;img src="selenium-screenshot-4.png" width="800px"&gt;&lt;/a&gt;</msg>
<msg time="2026-03-29T11:37:25.853780" level="FAIL">Element 'xpath=//div[@id="login-desktop"]//input[@id="email-input"]' not visible after 10 seconds.</msg>
<arg>${email_locator}</arg>
<arg>10s</arg>
<doc>Waits until the element ``locator`` is visible.</doc>
<status status="FAIL" start="2026-03-29T11:37:15.581048" elapsed="10.274074">Element 'xpath=//div[@id="login-desktop"]//input[@id="email-input"]' not visible after 10 seconds.</status>
</kw>
<kw name="Input Text" owner="SeleniumLibrary">
<arg>${email_locator}</arg>
<arg>${username}</arg>
<doc>Types the given ``text`` into the text field identified by ``locator``.</doc>
<status status="NOT RUN" start="2026-03-29T11:37:25.855299" elapsed="0.000032"/>
</kw>
<kw name="Wait Until Element Is Visible" owner="SeleniumLibrary">
<arg>${password_locator}</arg>
<arg>10s</arg>
<doc>Waits until the element ``locator`` is visible.</doc>
<status status="NOT RUN" start="2026-03-29T11:37:25.855407" elapsed="0.000018"/>
</kw>
<kw name="Input Text" owner="SeleniumLibrary">
<arg>${password_locator}</arg>
<arg>${password}</arg>
<doc>Types the given ``text`` into the text field identified by ``locator``.</doc>
<status status="NOT RUN" start="2026-03-29T11:37:25.855482" elapsed="0.000015"/>
</kw>
<kw name="Wait Until Element Is Enabled" owner="SeleniumLibrary">
<arg>${loginbtn_locator}</arg>
<arg>10s</arg>
<doc>Waits until the element ``locator`` is enabled.</doc>
<status status="NOT RUN" start="2026-03-29T11:37:25.855552" elapsed="0.000016"/>
</kw>
<kw name="Click Button" owner="SeleniumLibrary">
<arg>${loginbtn_locator}</arg>
<doc>Clicks the button identified by ``locator``.</doc>
<status status="NOT RUN" start="2026-03-29T11:37:25.855624" elapsed="0.000014"/>
</kw>
<arg>${user}[username]</arg>
<arg>${user}[password]</arg>
<status status="FAIL" start="2026-03-29T11:37:15.580861" elapsed="10.274881">Element 'xpath=//div[@id="login-desktop"]//input[@id="email-input"]' not visible after 10 seconds.</status>
</kw>
<kw name="Verify Login Successful">
<arg>${user}</arg>
<status status="NOT RUN" start="2026-03-29T11:37:25.855890" elapsed="0.000024"/>
</kw>
<arg>${User2}</arg>
<status status="FAIL" start="2026-03-29T11:37:15.580646" elapsed="10.275334">Element 'xpath=//div[@id="login-desktop"]//input[@id="email-input"]' not visible after 10 seconds.</status>
</kw>
<kw name="Close Browser" owner="SeleniumLibrary" type="TEARDOWN">
<doc>Closes the current browser.</doc>
<status status="PASS" start="2026-03-29T11:37:25.856223" elapsed="0.090210"/>
</kw>
<status status="FAIL" start="2026-03-29T11:37:12.517545" elapsed="13.429014">Element 'xpath=//div[@id="login-desktop"]//input[@id="email-input"]' not visible after 10 seconds.</status>
</test>
<doc>This is the UI test suite for Itinera Login functionality.</doc>
<status status="FAIL" start="2026-03-29T11:37:12.414533" elapsed="13.532479"/>
</suite>
<statistics>
<total>
<stat pass="0" fail="1" skip="0">All Tests</stat>
</total>
<tag>
</tag>
<suite>
<stat name="ItineraLogin" id="s1" pass="0" fail="1" skip="0">ItineraLogin</stat>
</suite>
</statistics>
<errors>
</errors>
</robot>
